Determining if the pthread_create exist failed with the following output:
Change Dir: /home/aitian/mapsaver/build/CMakeFiles/CMakeTmp

Run Build Command:"/usr/bin/make" "cmTC_e0693/fast"
/usr/bin/make -f CMakeFiles/cmTC_e0693.dir/build.make CMakeFiles/cmTC_e0693.dir/build
make[1]: Entering directory '/home/aitian/mapsaver/build/CMakeFiles/CMakeTmp'
Building C object CMakeFiles/cmTC_e0693.dir/CheckSymbolExists.c.o
/usr/bin/cc     -o CMakeFiles/cmTC_e0693.dir/CheckSymbolExists.c.o   -c /home/aitian/mapsaver/build/CMakeFiles/CMakeTmp/CheckSymbolExists.c
Linking C executable cmTC_e0693
/usr/bin/cmake -E cmake_link_script CMakeFiles/cmTC_e0693.dir/link.txt --verbose=1
/usr/bin/cc       CMakeFiles/cmTC_e0693.dir/CheckSymbolExists.c.o  -o cmTC_e0693 -rdynamic 
CMakeFiles/cmTC_e0693.dir/CheckSymbolExists.c.o：在函数‘main’中：
CheckSymbolExists.c:(.text+0x16)：对‘pthread_create’未定义的引用
collect2: error: ld returned 1 exit status
CMakeFiles/cmTC_e0693.dir/build.make:97: recipe for target 'cmTC_e0693' failed
make[1]: *** [cmTC_e0693] Error 1
make[1]: Leaving directory '/home/aitian/mapsaver/build/CMakeFiles/CMakeTmp'
Makefile:126: recipe for target 'cmTC_e0693/fast' failed
make: *** [cmTC_e0693/fast] Error 2

File /home/aitian/mapsaver/build/CMakeFiles/CMakeTmp/CheckSymbolExists.c:
/* */
#include <pthread.h>

int main(int argc, char** argv)
{
  (void)argv;
#ifndef pthread_create
  return ((int*)(&pthread_create))[argc];
#else
  (void)argc;
  return 0;
#endif
}

Determining if the function pthread_create exists in the pthreads failed with the following output:
Change Dir: /home/aitian/mapsaver/build/CMakeFiles/CMakeTmp

Run Build Command:"/usr/bin/make" "cmTC_61959/fast"
/usr/bin/make -f CMakeFiles/cmTC_61959.dir/build.make CMakeFiles/cmTC_61959.dir/build
make[1]: Entering directory '/home/aitian/mapsaver/build/CMakeFiles/CMakeTmp'
Building C object CMakeFiles/cmTC_61959.dir/CheckFunctionExists.c.o
/usr/bin/cc    -DCHECK_FUNCTION_EXISTS=pthread_create   -o CMakeFiles/cmTC_61959.dir/CheckFunctionExists.c.o   -c /usr/share/cmake-3.5/Modules/CheckFunctionExists.c
Linking C executable cmTC_61959
/usr/bin/cmake -E cmake_link_script CMakeFiles/cmTC_61959.dir/link.txt --verbose=1
/usr/bin/cc   -DCHECK_FUNCTION_EXISTS=pthread_create    CMakeFiles/cmTC_61959.dir/CheckFunctionExists.c.o  -o cmTC_61959 -rdynamic -lpthreads 
/usr/bin/ld: 找不到 -lpthreads
collect2: error: ld returned 1 exit status
CMakeFiles/cmTC_61959.dir/build.make:97: recipe for target 'cmTC_61959' failed
make[1]: *** [cmTC_61959] Error 1
make[1]: Leaving directory '/home/aitian/mapsaver/build/CMakeFiles/CMakeTmp'
Makefile:126: recipe for target 'cmTC_61959/fast' failed
make: *** [cmTC_61959/fast] Error 2


